#
# A fatal error has been detected by the Java Runtime Environment:
#
#  SIGSEGV (0xb) at pc=0x00007f4dfaaa1ab0, pid=12057, tid=139972148365056
#
# JRE version: Java(TM) SE Runtime Environment (8.0_91-b14) (build 1.8.0_91-b14)
# Java VM: Java HotSpot(TM) 64-Bit Server VM (25.91-b14 mixed mode linux-amd64 compressed oops)
# Problematic frame:
# V  [libjvm.so+0x8a7ab0]  Method::checked_resolve_jmethod_id(_jmethodID*)+0x20
#
# Failed to write core dump. Core dumps have been disabled. To enable core dumping, try "ulimit -c unlimited" before starting Java again
#
# If you would like to submit a bug report, please visit:
#   http://bugreport.java.com/bugreport/crash.jsp
#

---------------  T H R E A D  ---------------

Current thread (0x00007f4df40cc000):  JavaThread "JDWP Transport Listener: dt_socket" daemon [_thread_in_vm, id=12075, stack(0x00007f4dce1e8000,0x00007f4dce2e9000)]

siginfo: si_signo: 11 (SIGSEGV), si_code: 128 (SI_KERNEL), si_addr: 0x0000000000000000

Registers:
RAX=0x0000000000000001, RBX=0x00007f4df40071a0, RCX=0x00007f4dfbbda340, RDX=0x00007f4dfb1b12a0
RSP=0x00007f4dce2e79d0, RBP=0x00007f4dce2e79e0, RSI=0x00007f4df40cc000, RDI=0x65003b7070412f64
R8 =0x00007f4dbc003030, R9 =0x0000000000000000, R10=0x0000000000000020, R11=0x00007f4dfb364240
R12=0x0000000000000017, R13=0x65003b7070412f64, R14=0x00007f4df40cc000, R15=0x00007f4dce2e7ae7
RIP=0x00007f4dfaaa1ab0, EFLAGS=0x0000000000010202, CSGSFS=0x0000000000000033, ERR=0x0000000000000000
  TRAPNO=0x000000000000000d

Top of Stack: (sp=0x00007f4dce2e79d0)
0x00007f4dce2e79d0:   0000000000000074 00007f4df40071a0
0x00007f4dce2e79e0:   00007f4dce2e7a50 00007f4dfa9323de
0x00007f4dce2e79f0:   00007f4dce2e7a10 00007f4dce2e7a00
0x00007f4dce2e7a00:   00007f4df40cc000 0000000000000000
0x00007f4dce2e7a10:   00007f4d00000000 0000000000000000
0x00007f4dce2e7a20:   00007f4dce2e7a40 00007f4df98aee40
0x00007f4dce2e7a30:   65003b7070412f64 00007f4dce2e7ae7
0x00007f4dce2e7a40:   0000000000000003 00007f4dce2e7ae7
0x00007f4dce2e7a50:   00007f4dce2e7a80 00007f4df969a8c2
0x00007f4dce2e7a60:   00007f4dce2e7a80 65003b7070412f64
0x00007f4dce2e7a70:   00007f4dce2e7b50 0000000000000018
0x00007f4dce2e7a80:   00007f4dce2e7b10 00007f4df967baa0
0x00007f4dce2e7a90:   00007f4dce2e7ac8 00007f4dce2e7ac0
0x00007f4dce2e7aa0:   00007f4dce2e7ab8 00007f4dce2e7adc
0x00007f4dce2e7ab0:   00000001bc004500 0000000000000000
0x00007f4dce2e7ac0:   0000000000000000 0000000000000000
0x00007f4dce2e7ad0:   00007f4dbc008d60 0000008ace2e7b50
0x00007f4dce2e7ae0:   0000000000000005 0000000000000002
0x00007f4dce2e7af0:   000000000000000f 0000000000000002
0x00007f4dce2e7b00:   00000000000f0200 000000000000000f
0x00007f4dce2e7b10:   00007f4dce2e7d60 00007f4df96869c6
0x00007f4dce2e7b20:   00001e2a00000013 00007f4dfa0f0200
0x00007f4dce2e7b30:   00007f4db4000ba0 00007f4df98aee40
0x00007f4dce2e7b40:   00007f4dce2e7b50 00007f4dce2e7ce0
0x00007f4dce2e7b50:   00007f4dbc010e14 00007f4d00000204
0x00007f4dce2e7b60:   00007f4dbc008940 000000000000012c
0x00007f4dce2e7b70:   00007f4dce2e7ba0 00007f4dbc008940
0x00007f4dce2e7b80:   00007f0000000000 00001e2a0000001c
0x00007f4dce2e7b90:   00007f4d00007c80 00007f4dce2e7ba0
0x00007f4dce2e7ba0:   4d7f000005000000 04000000703000bc
0x00007f4dce2e7bb0:   160000006e69616d 2f6176616a4c5b28
0x00007f4dce2e7bc0:   7274532f676e616c 000056293b676e69 

Instructions: (pc=0x00007f4dfaaa1ab0)
0x00007f4dfaaa1a90:   55 48 89 e5 53 48 83 ec 08 48 85 ff 75 12 31 db
0x00007f4dfaaa1aa0:   48 89 d8 48 83 c4 08 5b c9 c3 66 0f 1f 44 00 00
0x00007f4dfaaa1ab0:   48 8b 1f 48 85 db 74 e6 48 83 fb 37 74 e0 48 8b
0x00007f4dfaaa1ac0:   03 48 89 df ff 50 10 84 c0 0f 1f 80 00 00 00 00 

Register to memory mapping:

RAX=0x0000000000000001 is an unknown value
RBX=0x00007f4df40071a0 is an unknown value
RCX=0x00007f4dfbbda340: <offset 0x219340> in /lib/x86_64-linux-gnu/libpthread.so.0 at 0x00007f4dfb9c1000
RDX=0x00007f4dfb1b12a0: <offset 0xfb72a0> in /usr/lib/jvm/java-8-oracle/jre/lib/amd64/server/libjvm.so at 0x00007f4dfa1fa000
RSP=0x00007f4dce2e79d0 is pointing into the stack for thread: 0x00007f4df40cc000
RBP=0x00007f4dce2e79e0 is pointing into the stack for thread: 0x00007f4df40cc000
RSI=0x00007f4df40cc000 is a thread
RDI=0x65003b7070412f64 is an unknown value
R8 =0x00007f4dbc003030 is an unknown value
R9 =0x0000000000000000 is an unknown value
R10=0x0000000000000020 is an unknown value
R11=0x00007f4dfb364240: <offset 0x187240> in /lib/x86_64-linux-gnu/libc.so.6 at 0x00007f4dfb1dd000
R12=0x0000000000000017 is an unknown value
R13=0x65003b7070412f64 is an unknown value
R14=0x00007f4df40cc000 is a thread
R15=0x00007f4dce2e7ae7 is pointing into the stack for thread: 0x00007f4df40cc000


Stack: [0x00007f4dce1e8000,0x00007f4dce2e9000],  sp=0x00007f4dce2e79d0,  free space=1022k
Native frames: (J=compiled Java code, j=interpreted, Vv=VM code, C=native code)
V  [libjvm.so+0x8a7ab0]  Method::checked_resolve_jmethod_id(_jmethodID*)+0x20
V  [libjvm.so+0x7383de]  jvmti_IsMethodSynthetic+0x2be
C  [libjdwp.so+0x258c2]  isMethodSynthetic+0x42
C  [libjdwp.so+0x6aa0]  methods1+0x1b0
C  [libjdwp.so+0x119c6]  debugLoop_run+0x2b6
C  [libjdwp.so+0x247ff]  attachThread+0x2f
V  [libjvm.so+0x7a48c2]  JvmtiAgentThread::call_start_function()+0xc2
V  [libjvm.so+0xa6b77f]  JavaThread::thread_main_inner()+0xdf
V  [libjvm.so+0xa6b8ac]  JavaThread::run()+0x11c
V  [libjvm.so+0x91ef78]  java_start(Thread*)+0x108
C  [libpthread.so.0+0x76aa]  start_thread+0xca


---------------  P R O C E S S  ---------------

Java Threads: ( => current thread )
  0x00007f4df40da000 JavaThread "Service Thread" daemon [_thread_blocked, id=12084, stack(0x00007f4dcdbe2000,0x00007f4dcdce3000)]
  0x00007f4df40d6800 JavaThread "C1 CompilerThread2" daemon [_thread_blocked, id=12083, stack(0x00007f4dcdce3000,0x00007f4dcdde4000)]
  0x00007f4df40d4800 JavaThread "C2 CompilerThread1" daemon [_thread_blocked, id=12082, stack(0x00007f4dcdde4000,0x00007f4dcdee5000)]
  0x00007f4df40d1800 JavaThread "C2 CompilerThread0" daemon [_thread_blocked, id=12081, stack(0x00007f4dcdee5000,0x00007f4dcdfe6000)]
  0x00007f4dbc001000 JavaThread "JDWP Command Reader" daemon [_thread_in_native, id=12079, stack(0x00007f4dcdfe6000,0x00007f4dce0e7000)]
  0x00007f4df40cf800 JavaThread "JDWP Event Helper Thread" daemon [_thread_blocked, id=12076, stack(0x00007f4dce0e7000,0x00007f4dce1e8000)]
=>0x00007f4df40cc000 JavaThread "JDWP Transport Listener: dt_socket" daemon [_thread_in_vm, id=12075, stack(0x00007f4dce1e8000,0x00007f4dce2e9000)]
  0x00007f4df40bd800 JavaThread "Signal Dispatcher" daemon [_thread_blocked, id=12073, stack(0x00007f4dce4ed000,0x00007f4dce5ee000)]
  0x00007f4df408b800 JavaThread "Finalizer" daemon [_thread_blocked, id=12071, stack(0x00007f4dce5ee000,0x00007f4dce6ef000)]
  0x00007f4df4086800 JavaThread "Reference Handler" daemon [_thread_blocked, id=12070, stack(0x00007f4dce6ef000,0x00007f4dce7f0000)]
  0x00007f4df4010800 JavaThread "main" [_thread_blocked, id=12064, stack(0x00007f4dfbcdc000,0x00007f4dfbddd000)]

Other Threads:
  0x00007f4df407f000 VMThread [stack: 0x00007f4dce7f0000,0x00007f4dce8f1000] [id=12069]
  0x00007f4df40dd800 WatcherThread [stack: 0x00007f4dcdae1000,0x00007f4dcdbe2000] [id=12085]

VM state:not at safepoint (normal execution)

VM Mutex/Monitor currently owned by a thread: None

Heap:
 PSYoungGen      total 36864K, used 2540K [0x00000000d6d80000, 0x00000000d9680000, 0x0000000100000000)
  eden space 31744K, 8% used [0x00000000d6d80000,0x00000000d6ffb250,0x00000000d8c80000)
  from space 5120K, 0% used [0x00000000d9180000,0x00000000d9180000,0x00000000d9680000)
  to   space 5120K, 0% used [0x00000000d8c80000,0x00000000d8c80000,0x00000000d9180000)
 ParOldGen       total 84992K, used 0K [0x0000000084800000, 0x0000000089b00000, 0x00000000d6d80000)
  object space 84992K, 0% used [0x0000000084800000,0x0000000084800000,0x0000000089b00000)
 Metaspace       used 2666K, capacity 4632K, committed 4864K, reserved 1056768K
  class space    used 275K, capacity 392K, committed 512K, reserved 1048576K

Card table byte_map: [0x00007f4de4863000,0x00007f4de4c40000] byte_map_base: 0x00007f4de443f000

Marking Bits: (ParMarkBitMap*) 0x00007f4dfb1b0d60
 Begin Bits: [0x00007f4ddc240000, 0x00007f4dde120000)
 End Bits:   [0x00007f4dde120000, 0x00007f4de0000000)

Polling page: 0x00007f4dfbdff000

CodeCache: size=245760Kb used=1103Kb max_used=1103Kb free=244656Kb
 bounds [0x00007f4de5000000, 0x00007f4de5270000, 0x00007f4df4000000]
 total_blobs=250 nmethods=30 adapters=143
 compilation: enabled

Compilation events (10 events):
Event: 0,149 Thread 0x00007f4df40d6800   30       3       java.lang.String::equals (81 bytes)
Event: 0,150 Thread 0x00007f4df40d6800 nmethod 30 0x00007f4de51114d0 code [0x00007f4de5111660, 0x00007f4de5111bb0]
Event: 0,150 Thread 0x00007f4df40d6800   26       3       java.util.Arrays::copyOfRange (63 bytes)
Event: 0,151 Thread 0x00007f4df40d6800 nmethod 26 0x00007f4de5111d90 code [0x00007f4de5111fc0, 0x00007f4de5112b18]
Event: 0,151 Thread 0x00007f4df40d6800   28       3       java.lang.AbstractStringBuilder::ensureCapacityInternal (16 bytes)
Event: 0,151 Thread 0x00007f4df40d6800 nmethod 28 0x00007f4de51130d0 code [0x00007f4de5113240, 0x00007f4de51134a8]
Event: 0,151 Thread 0x00007f4df40d6800   29       3       java.lang.StringCoding::deref (19 bytes)
Event: 0,151 Thread 0x00007f4df40d6800 nmethod 29 0x00007f4de5113590 code [0x00007f4de5113720, 0x00007f4de5113b68]
Event: 0,151 Thread 0x00007f4df40d6800   24       3       java.lang.String::startsWith (7 bytes)
Event: 0,151 Thread 0x00007f4df40d6800 nmethod 24 0x00007f4de5113cd0 code [0x00007f4de5113e40, 0x00007f4de5114068]

GC Heap History (0 events):
No events

Deoptimization events (0 events):
No events

Internal exceptions (2 events):
Event: 0,033 Thread 0x00007f4df4010800 Exception <a 'java/lang/NoSuchMethodError': Method sun.misc.Unsafe.defineClass(Ljava/lang/String;[BII)Ljava/lang/Class; name or signature does not match> (0x00000000d6d87cc0) thrown at [/HUDSON/workspace/8-2-build-linux-amd64/jdk8u91/6644/hotspot/src/shar
Event: 0,033 Thread 0x00007f4df4010800 Exception <a 'java/lang/NoSuchMethodError': Method sun.misc.Unsafe.prefetchRead(Ljava/lang/Object;J)V name or signature does not match> (0x00000000d6d87fa8) thrown at [/HUDSON/workspace/8-2-build-linux-amd64/jdk8u91/6644/hotspot/src/share/vm/prims/jni.cpp

Events (10 events):
Event: 1722,044 Executing VM operation: RedefineClasses
Event: 1722,044 Executing VM operation: RedefineClasses done
Event: 1722,068 Executing VM operation: ChangeBreakpoints
Event: 1722,069 Executing VM operation: ChangeBreakpoints done
Event: 1915,806 Executing VM operation: RedefineClasses
Event: 1915,807 Executing VM operation: RedefineClasses done
Event: 1915,816 Executing VM operation: ChangeBreakpoints
Event: 1915,816 Executing VM operation: ChangeBreakpoints done
Event: 3120,718 Executing VM operation: RedefineClasses
Event: 3120,719 Executing VM operation: RedefineClasses done


Dynamic libraries:
00400000-00401000 r-xp 00000000 08:02 38142777                           /usr/lib/jvm/java-8-oracle/bin/java
00600000-00601000 rw-p 00000000 08:02 38142777                           /usr/lib/jvm/java-8-oracle/bin/java
01179000-0119a000 rw-p 00000000 00:00 0                                  [heap]
84800000-89b00000 rw-p 00000000 00:00 0 
89b00000-d6d80000 ---p 00000000 00:00 0 
d6d80000-d9680000 rw-p 00000000 00:00 0 
d9680000-100000000 ---p 00000000 00:00 0 
100000000-100080000 rw-p 00000000 00:00 0 
100080000-140000000 ---p 00000000 00:00 0 
7f4d98000000-7f4d98021000 rw-p 00000000 00:00 0 
7f4d98021000-7f4d9c000000 ---p 00000000 00:00 0 
7f4da0000000-7f4da002e000 rw-p 00000000 00:00 0 
7f4da002e000-7f4da4000000 ---p 00000000 00:00 0 
7f4da4000000-7f4da4021000 rw-p 00000000 00:00 0 
7f4da4021000-7f4da8000000 ---p 00000000 00:00 0 
7f4da8000000-7f4da803e000 rw-p 00000000 00:00 0 
7f4da803e000-7f4dac000000 ---p 00000000 00:00 0 
7f4dac000000-7f4dac021000 rw-p 00000000 00:00 0 
7f4dac021000-7f4db0000000 ---p 00000000 00:00 0 
7f4db0000000-7f4db0021000 rw-p 00000000 00:00 0 
7f4db0021000-7f4db4000000 ---p 00000000 00:00 0 
7f4db4000000-7f4db4021000 rw-p 00000000 00:00 0 
7f4db4021000-7f4db8000000 ---p 00000000 00:00 0 
7f4db8000000-7f4db8021000 rw-p 00000000 00:00 0 
7f4db8021000-7f4dbc000000 ---p 00000000 00:00 0 
7f4dbc000000-7f4dbc02c000 rw-p 00000000 00:00 0 
7f4dbc02c000-7f4dc0000000 ---p 00000000 00:00 0 
7f4dc0000000-7f4dc0021000 rw-p 00000000 00:00 0 
7f4dc0021000-7f4dc4000000 ---p 00000000 00:00 0 
7f4dc4000000-7f4dc4021000 rw-p 00000000 00:00 0 
7f4dc4021000-7f4dc8000000 ---p 00000000 00:00 0 
7f4dc8000000-7f4dc8021000 rw-p 00000000 00:00 0 
7f4dc8021000-7f4dcc000000 ---p 00000000 00:00 0 
7f4dcd85c000-7f4dcdae1000 rw-p 00000000 00:00 0 
7f4dcdae1000-7f4dcdae2000 ---p 00000000 00:00 0 
7f4dcdae2000-7f4dcdbe2000 rw-p 00000000 00:00 0 
7f4dcdbe2000-7f4dcdbe5000 ---p 00000000 00:00 0 
7f4dcdbe5000-7f4dcdce3000 rw-p 00000000 00:00 0 
7f4dcdce3000-7f4dcdce6000 ---p 00000000 00:00 0 
7f4dcdce6000-7f4dcdde4000 rw-p 00000000 00:00 0 
7f4dcdde4000-7f4dcdde7000 ---p 00000000 00:00 0 
7f4dcdde7000-7f4dcdee5000 rw-p 00000000 00:00 0 
7f4dcdee5000-7f4dcdee8000 ---p 00000000 00:00 0 
7f4dcdee8000-7f4dcdfe6000 rw-p 00000000 00:00 0 
7f4dcdfe6000-7f4dcdfe9000 ---p 00000000 00:00 0 
7f4dcdfe9000-7f4dce0e7000 rw-p 00000000 00:00 0 
7f4dce0e7000-7f4dce0ea000 ---p 00000000 00:00 0 
7f4dce0ea000-7f4dce1e8000 rw-p 00000000 00:00 0 
7f4dce1e8000-7f4dce1eb000 ---p 00000000 00:00 0 
7f4dce1eb000-7f4dce2e9000 rw-p 00000000 00:00 0 
7f4dce2e9000-7f4dce2ed000 r-xp 00000000 08:02 38151990                   /usr/lib/jvm/java-8-oracle/jre/lib/amd64/libdt_socket.so
7f4dce2ed000-7f4dce4ec000 ---p 00004000 08:02 38151990                   /usr/lib/jvm/java-8-oracle/jre/lib/amd64/libdt_socket.so
7f4dce4ec000-7f4dce4ed000 rw-p 00003000 08:02 38151990                   /usr/lib/jvm/java-8-oracle/jre/lib/amd64/libdt_socket.so
7f4dce4ed000-7f4dce4f0000 ---p 00000000 00:00 0 
7f4dce4f0000-7f4dce5ee000 rw-p 00000000 00:00 0 
7f4dce5ee000-7f4dce5f1000 ---p 00000000 00:00 0 
7f4dce5f1000-7f4dce6ef000 rw-p 00000000 00:00 0 
7f4dce6ef000-7f4dce6f2000 ---p 00000000 00:00 0 
7f4dce6f2000-7f4dce7f0000 rw-p 00000000 00:00 0 
7f4dce7f0000-7f4dce7f1000 ---p 00000000 00:00 0 
7f4dce7f1000-7f4dcfc40000 rw-p 00000000 00:00 0 
7f4dcfc40000-7f4dd0000000 ---p 00000000 00:00 0 
7f4dd0000000-7f4dd0021000 rw-p 00000000 00:00 0 
7f4dd0021000-7f4dd4000000 ---p 00000000 00:00 0 
7f4dd4000000-7f4dd4021000 rw-p 00000000 00:00 0 
7f4dd4021000-7f4dd8000000 ---p 00000000 00:00 0 
7f4dd8000000-7f4dd8021000 rw-p 00000000 00:00 0 
7f4dd8021000-7f4ddc000000 ---p 00000000 00:00 0 
7f4ddc025000-7f4ddc067000 rw-p 00000000 00:00 0 
7f4ddc067000-7f4ddc240000 r--s 03d1f000 08:02 38151958                   /usr/lib/jvm/java-8-oracle/jre/lib/rt.jar
7f4ddc240000-7f4de0000000 rw-p 00000000 00:00 0 
7f4de0000000-7f4de0021000 rw-p 00000000 00:00 0 
7f4de0021000-7f4de4000000 ---p 00000000 00:00 0 
7f4de4013000-7f4de445f000 rw-p 00000000 00:00 0 
7f4de445f000-7f4de4460000 ---p 00000000 00:00 0 
7f4de4460000-7f4de4560000 rw-p 00000000 00:00 0 
7f4de4560000-7f4de4561000 ---p 00000000 00:00 0 
7f4de4561000-7f4de4661000 rw-p 00000000 00:00 0 
7f4de4661000-7f4de4662000 ---p 00000000 00:00 0 
7f4de4662000-7f4de4762000 rw-p 00000000 00:00 0 
7f4de4762000-7f4de4763000 ---p 00000000 00:00 0 
7f4de4763000-7f4de488d000 rw-p 00000000 00:00 0 
7f4de488d000-7f4de4af5000 ---p 00000000 00:00 0 
7f4de4af5000-7f4de4b0b000 rw-p 00000000 00:00 0 
7f4de4b0b000-7f4de4c3f000 ---p 00000000 00:00 0 
7f4de4c3f000-7f4de4c4a000 rw-p 00000000 00:00 0 
7f4de4c4a000-7f4de5000000 ---p 00000000 00:00 0 
7f4de5000000-7f4de5270000 rwxp 00000000 00:00 0 
7f4de5270000-7f4df4000000 ---p 00000000 00:00 0 
7f4df4000000-7f4df410a000 rw-p 00000000 00:00 0 
7f4df410a000-7f4df8000000 ---p 00000000 00:00 0 
7f4df800f000-7f4df80d0000 rw-p 00000000 00:00 0 
7f4df80d0000-7f4df8339000 ---p 00000000 00:00 0 
7f4df8339000-7f4df8353000 r-xp 00000000 08:02 38152663                   /usr/lib/jvm/java-8-oracle/jre/lib/amd64/libzip.so
7f4df8353000-7f4df8553000 ---p 0001a000 08:02 38152663                   /usr/lib/jvm/java-8-oracle/jre/lib/amd64/libzip.so
7f4df8553000-7f4df8554000 rw-p 0001a000 08:02 38152663                   /usr/lib/jvm/java-8-oracle/jre/lib/amd64/libzip.so
7f4df8554000-7f4df855e000 r-xp 00000000 08:02 1572891                    /lib/x86_64-linux-gnu/libnss_files-2.21.so
7f4df855e000-7f4df875e000 ---p 0000a000 08:02 1572891                    /lib/x86_64-linux-gnu/libnss_files-2.21.so
7f4df875e000-7f4df875f000 r--p 0000a000 08:02 1572891                    /lib/x86_64-linux-gnu/libnss_files-2.21.so
7f4df875f000-7f4df8760000 rw-p 0000b000 08:02 1572891                    /lib/x86_64-linux-gnu/libnss_files-2.21.so
7f4df8760000-7f4df876b000 r-xp 00000000 08:02 1573245                    /lib/x86_64-linux-gnu/libnss_nis-2.21.so
7f4df876b000-7f4df896a000 ---p 0000b000 08:02 1573245                    /lib/x86_64-linux-gnu/libnss_nis-2.21.so
7f4df896a000-7f4df896b000 r--p 0000a000 08:02 1573245                    /lib/x86_64-linux-gnu/libnss_nis-2.21.so
7f4df896b000-7f4df896c000 rw-p 0000b000 08:02 1573245                    /lib/x86_64-linux-gnu/libnss_nis-2.21.so
7f4df896c000-7f4df8983000 r-xp 00000000 08:02 1573251                    /lib/x86_64-linux-gnu/libnsl-2.21.so
7f4df8983000-7f4df8b82000 ---p 00017000 08:02 1573251                    /lib/x86_64-linux-gnu/libnsl-2.21.so
7f4df8b82000-7f4df8b83000 r--p 00016000 08:02 1573251                    /lib/x86_64-linux-gnu/libnsl-2.21.so
7f4df8b83000-7f4df8b84000 rw-p 00017000 08:02 1573251                    /lib/x86_64-linux-gnu/libnsl-2.21.so
7f4df8b84000-7f4df8b86000 rw-p 00000000 00:00 0 
7f4df8b86000-7f4df8b8e000 r-xp 00000000 08:02 1573222                    /lib/x86_64-linux-gnu/libnss_compat-2.21.so
7f4df8b8e000-7f4df8d8d000 ---p 00008000 08:02 1573222                    /lib/x86_64-linux-gnu/libnss_compat-2.21.so
7f4df8d8d000-7f4df8d8e000 r--p 00007000 08:02 1573222                    /lib/x86_64-linux-gnu/libnss_compat-2.21.so
7f4df8d8e000-7f4df8d8f000 rw-p 00008000 08:02 1573222                    /lib/x86_64-linux-gnu/libnss_compat-2.21.so
7f4df8d8f000-7f4df9472000 r--p 00000000 08:02 38018047                   /usr/lib/locale/locale-archive
7f4df9472000-7f4df9474000 r-xp 00000000 08:02 38151991                   /usr/lib/jvm/java-8-oracle/jre/lib/amd64/libnpt.so
7f4df9474000-7f4df9674000 ---p 00002000 08:02 38151991                   /usr/lib/jvm/java-8-oracle/jre/lib/amd64/libnpt.so
7f4df9674000-7f4df9675000 rw-p 00002000 08:02 38151991                   /usr/lib/jvm/java-8-oracle/jre/lib/amd64/libnpt.so
7f4df9675000-7f4df96ae000 r-xp 00000000 08:02 38152652                   /usr/lib/jvm/java-8-oracle/jre/lib/amd64/libjdwp.so
7f4df96ae000-7f4df98ad000 ---p 00039000 08:02 38152652                   /usr/lib/jvm/java-8-oracle/jre/lib/amd64/libjdwp.so
7f4df98ad000-7f4df98af000 rw-p 00038000 08:02 38152652                   /usr/lib/jvm/java-8-oracle/jre/lib/amd64/libjdwp.so
7f4df98af000-7f4df98d9000 r-xp 00000000 08:02 38152658                   /usr/lib/jvm/java-8-oracle/jre/lib/amd64/libjava.so
7f4df98d9000-7f4df9ad9000 ---p 0002a000 08:02 38152658                   /usr/lib/jvm/java-8-oracle/jre/lib/amd64/libjava.so
7f4df9ad9000-7f4df9adb000 rw-p 0002a000 08:02 38152658                   /usr/lib/jvm/java-8-oracle/jre/lib/amd64/libjava.so
7f4df9adb000-7f4df9ae8000 r-xp 00000000 08:02 38152662                   /usr/lib/jvm/java-8-oracle/jre/lib/amd64/libverify.so
7f4df9ae8000-7f4df9ce8000 ---p 0000d000 08:02 38152662                   /usr/lib/jvm/java-8-oracle/jre/lib/amd64/libverify.so
7f4df9ce8000-7f4df9cea000 rw-p 0000d000 08:02 38152662                   /usr/lib/jvm/java-8-oracle/jre/lib/amd64/libverify.so
7f4df9cea000-7f4df9cf1000 r-xp 00000000 08:02 1573107                    /lib/x86_64-linux-gnu/librt-2.21.so
7f4df9cf1000-7f4df9ef0000 ---p 00007000 08:02 1573107                    /lib/x86_64-linux-gnu/librt-2.21.so
7f4df9ef0000-7f4df9ef1000 r--p 00006000 08:02 1573107                    /lib/x86_64-linux-gnu/librt-2.21.so
7f4df9ef1000-7f4df9ef2000 rw-p 00007000 08:02 1573107                    /lib/x86_64-linux-gnu/librt-2.21.so
7f4df9ef2000-7f4df9ff9000 r-xp 00000000 08:02 1573223                    /lib/x86_64-linux-gnu/libm-2.21.so
7f4df9ff9000-7f4dfa1f8000 ---p 00107000 08:02 1573223                    /lib/x86_64-linux-gnu/libm-2.21.so
7f4dfa1f8000-7f4dfa1f9000 r--p 00106000 08:02 1573223                    /lib/x86_64-linux-gnu/libm-2.21.so
7f4dfa1f9000-7f4dfa1fa000 rw-p 00107000 08:02 1573223                    /lib/x86_64-linux-gnu/libm-2.21.so
7f4dfa1fa000-7f4dfaeba000 r-xp 00000000 08:02 38405537                   /usr/lib/jvm/java-8-oracle/jre/lib/amd64/server/libjvm.so
7f4dfaeba000-7f4dfb0ba000 ---p 00cc0000 08:02 38405537                   /usr/lib/jvm/java-8-oracle/jre/lib/amd64/server/libjvm.so
7f4dfb0ba000-7f4dfb192000 rw-p 00cc0000 08:02 38405537                   /usr/lib/jvm/java-8-oracle/jre/lib/amd64/server/libjvm.so
7f4dfb192000-7f4dfb1dd000 rw-p 00000000 00:00 0 
7f4dfb1dd000-7f4dfb39d000 r-xp 00000000 08:02 1573257                    /lib/x86_64-linux-gnu/libc-2.21.so
7f4dfb39d000-7f4dfb59d000 ---p 001c0000 08:02 1573257                    /lib/x86_64-linux-gnu/libc-2.21.so
7f4dfb59d000-7f4dfb5a1000 r--p 001c0000 08:02 1573257                    /lib/x86_64-linux-gnu/libc-2.21.so
7f4dfb5a1000-7f4dfb5a3000 rw-p 001c4000 08:02 1573257                    /lib/x86_64-linux-gnu/libc-2.21.so
7f4dfb5a3000-7f4dfb5a7000 rw-p 00000000 00:00 0 
7f4dfb5a7000-7f4dfb5aa000 r-xp 00000000 08:02 1573231                    /lib/x86_64-linux-gnu/libdl-2.21.so
7f4dfb5aa000-7f4dfb7a9000 ---p 00003000 08:02 1573231                    /lib/x86_64-linux-gnu/libdl-2.21.so
7f4dfb7a9000-7f4dfb7aa000 r--p 00002000 08:02 1573231                    /lib/x86_64-linux-gnu/libdl-2.21.so
7f4dfb7aa000-7f4dfb7ab000 rw-p 00003000 08:02 1573231                    /lib/x86_64-linux-gnu/libdl-2.21.so
7f4dfb7ab000-7f4dfb7c0000 r-xp 00000000 08:02 38151529                   /usr/lib/jvm/java-8-oracle/lib/amd64/jli/libjli.so
7f4dfb7c0000-7f4dfb9c0000 ---p 00015000 08:02 38151529                   /usr/lib/jvm/java-8-oracle/lib/amd64/jli/libjli.so
7f4dfb9c0000-7f4dfb9c1000 rw-p 00015000 08:02 38151529                   /usr/lib/jvm/java-8-oracle/lib/amd64/jli/libjli.so
7f4dfb9c1000-7f4dfb9d9000 r-xp 00000000 08:02 1573224                    /lib/x86_64-linux-gnu/libpthread-2.21.so
7f4dfb9d9000-7f4dfbbd9000 ---p 00018000 08:02 1573224                    /lib/x86_64-linux-gnu/libpthread-2.21.so
7f4dfbbd9000-7f4dfbbda000 r--p 00018000 08:02 1573224                    /lib/x86_64-linux-gnu/libpthread-2.21.so
7f4dfbbda000-7f4dfbbdb000 rw-p 00019000 08:02 1573224                    /lib/x86_64-linux-gnu/libpthread-2.21.so
7f4dfbbdb000-7f4dfbbdf000 rw-p 00000000 00:00 0 
7f4dfbbdf000-7f4dfbc03000 r-xp 00000000 08:02 1573253                    /lib/x86_64-linux-gnu/ld-2.21.so
7f4dfbc11000-7f4dfbcdc000 rw-p 00000000 00:00 0 
7f4dfbcdc000-7f4dfbcdf000 ---p 00000000 00:00 0 
7f4dfbcdf000-7f4dfbde1000 rw-p 00000000 00:00 0 
7f4dfbdf3000-7f4dfbdf6000 rw-p 00000000 00:00 0 
7f4dfbdf6000-7f4dfbdfe000 rw-s 00000000 08:02 17958484                   /tmp/hsperfdata_rsouza/12057
7f4dfbdfe000-7f4dfbdff000 rw-p 00000000 00:00 0 
7f4dfbdff000-7f4dfbe00000 r--p 00000000 00:00 0 
7f4dfbe00000-7f4dfbe02000 rw-p 00000000 00:00 0 
7f4dfbe02000-7f4dfbe03000 r--p 00023000 08:02 1573253                    /lib/x86_64-linux-gnu/ld-2.21.so
7f4dfbe03000-7f4dfbe04000 rw-p 00024000 08:02 1573253                    /lib/x86_64-linux-gnu/ld-2.21.so
7f4dfbe04000-7f4dfbe05000 rw-p 00000000 00:00 0 
7ffdbca5a000-7ffdbca7d000 rw-p 00000000 00:00 0                          [stack]
7ffdbcab8000-7ffdbcaba000 r--p 00000000 00:00 0                          [vvar]
7ffdbcaba000-7ffdbcabc000 r-xp 00000000 00:00 0                          [vdso]
ffffffffff600000-ffffffffff601000 r-xp 00000000 00:00 0                  [vsyscall]

VM Arguments:
jvm_args: -agentlib:jdwp=transport=dt_socket,suspend=y,address=localhost:39486 -Dfile.encoding=UTF-8 
java_command: br.com.depro.fw.typeseed.App
java_class_path (initial): /home/rsouza/workspace-contas-medicas/typeseed/target/classes:/home/rsouza/projetos/spa-desenvolvimento/framework/trunk/framework/core/target/classes:/home/rsouza/projetos/spa-desenvolvimento/framework/trunk/framework/model/target/classes:/home/rsouza/.m2/spa/repository/commons-lang/commons-lang/2.4/commons-lang-2.4.jar:/home/rsouza/.m2/spa/repository/org/apache/httpcomponents/httpclient/4.5.1/httpclient-4.5.1.jar:/home/rsouza/.m2/spa/repository/org/apache/httpcomponents/httpcore/4.4.3/httpcore-4.4.3.jar:/home/rsouza/.m2/spa/repository/commons-io/commons-io/2.4/commons-io-2.4.jar:/home/rsouza/.m2/spa/repository/commons-fileupload/commons-fileupload/1.3.1/commons-fileupload-1.3.1.jar:/home/rsouza/.m2/spa/repository/commons-codec/commons-codec/1.10/commons-codec-1.10.jar:/home/rsouza/.m2/spa/repository/commons-collections/commons-collections/3.2.1/commons-collections-3.2.1.jar:/home/rsouza/.m2/spa/repository/commons-beanutils/commons-beanutils/1.9.2/commons-beanutils-1.9.2.jar:/home/rsouza/.m2/spa/repository/com/fasterxml/jackson/core/jackson-databind/2.7.3/jackson-databind-2.7.3.jar:/home/rsouza/.m2/spa/repository/com/fasterxml/jackson/core/jackson-annotations/2.7.0/jackson-annotations-2.7.0.jar:/home/rsouza/.m2/spa/repository/com/fasterxml/jackson/core/jackson-core/2.7.3/jackson-core-2.7.3.jar:/home/rsouza/.m2/spa/repository/com/fasterxml/jackson/datatype/jackson-datatype-hibernate5/2.7.3/jackson-datatype-hibernate5-2.7.3.jar:/home/rsouza/.m2/spa/repository/javax/transaction/jta/1.1/jta-1.1.jar:/home/rsouza/.m2/spa/repository/org/json/json/20150729/json-20150729.jar:/home/rsouza/.m2/spa/repository/org/hibernate/hibernate-entitymanager/5.1.0.Final/hibernate-entitymanager-5.1.0.Final.jar:/home/rsouza/.m2/spa/repository/org/jboss/logging/jboss-logging/3.3.0.Final/jboss-logging-3.3.0.Final.jar:/home/rsouza/.m2/spa/repository/dom4j/dom4j/1.6.1/dom4j-1.6.1.jar:/home/rsouza/.m2/spa/repository/xml-apis/xml-apis/1.0.b2/xml-apis-1.0.b2.jar:/home/r
Launcher Type: SUN_STANDARD

Environment Variables:
PATH=/home/rsouza/bin:/usr/local/sbin:/usr/local/bin:/usr/sbin:/usr/bin:/sbin:/bin:/usr/games:/usr/local/games
SHELL=/bin/bash
DISPLAY=:0

Signal Handlers:
SIGSEGV: [libjvm.so+0xabca10], sa_mask[0]=11111111011111111101111111111110, sa_flags=SA_RESTART|SA_SIGINFO
SIGBUS: [libjvm.so+0xabca10], sa_mask[0]=11111111011111111101111111111110, sa_flags=SA_RESTART|SA_SIGINFO
SIGFPE: [libjvm.so+0x919a20], sa_mask[0]=11111111011111111101111111111110, sa_flags=SA_RESTART|SA_SIGINFO
SIGPIPE: [libjvm.so+0x919a20], sa_mask[0]=11111111011111111101111111111110, sa_flags=SA_RESTART|SA_SIGINFO
SIGXFSZ: [libjvm.so+0x919a20], sa_mask[0]=11111111011111111101111111111110, sa_flags=SA_RESTART|SA_SIGINFO
SIGILL: [libjvm.so+0x919a20], sa_mask[0]=11111111011111111101111111111110, sa_flags=SA_RESTART|SA_SIGINFO
SIGUSR1: SIG_DFL, sa_mask[0]=00000000000000000000000000000000, sa_flags=none
SIGUSR2: [libjvm.so+0x91b050], sa_mask[0]=00100000000000000000000000000000, sa_flags=SA_RESTART|SA_SIGINFO
SIGHUP: [libjvm.so+0x91c450], sa_mask[0]=11111111011111111101111111111110, sa_flags=SA_RESTART|SA_SIGINFO
SIGINT: [libjvm.so+0x91c450], sa_mask[0]=11111111011111111101111111111110, sa_flags=SA_RESTART|SA_SIGINFO
SIGTERM: [libjvm.so+0x91c450], sa_mask[0]=11111111011111111101111111111110, sa_flags=SA_RESTART|SA_SIGINFO
SIGQUIT: [libjvm.so+0x91c450], sa_mask[0]=11111111011111111101111111111110, sa_flags=SA_RESTART|SA_SIGINFO


---------------  S Y S T E M  ---------------

OS:DISTRIB_ID=Ubuntu
DISTRIB_RELEASE=15.10
DISTRIB_CODENAME=wily
DISTRIB_DESCRIPTION="Ubuntu 15.10"

uname:Linux 4.2.0-36-generic #42-Ubuntu SMP Thu May 12 22:05:35 UTC 2016 x86_64
libc:glibc 2.21 NPTL 2.21 
rlimit: STACK 8192k, CORE 0k, NPROC 31169, NOFILE 65536, AS infinity
load average:1,07 0,80 0,79

/proc/meminfo:
MemTotal:        8086168 kB
MemFree:          614420 kB
MemAvailable:    3056648 kB
Buffers:          216484 kB
Cached:          2747608 kB
SwapCached:          576 kB
Active:          5202428 kB
Inactive:        1852624 kB
Active(anon):    3434608 kB
Inactive(anon):  1347504 kB
Active(file):    1767820 kB
Inactive(file):   505120 kB
Unevictable:         252 kB
Mlocked:             252 kB
SwapTotal:       8298492 kB
SwapFree:        8296280 kB
Dirty:               188 kB
Writeback:             0 kB
AnonPages:       4090636 kB
Mapped:           746532 kB
Shmem:            691156 kB
Slab:             258444 kB
SReclaimable:     211624 kB
SUnreclaim:        46820 kB
KernelStack:       14144 kB
PageTables:        58036 kB
NFS_Unstable:          0 kB
Bounce:                0 kB
WritebackTmp:          0 kB
CommitLimit:    12341576 kB
Committed_AS:   12001304 kB
VmallocTotal:   34359738367 kB
VmallocUsed:      377804 kB
VmallocChunk:   34358947836 kB
HardwareCorrupted:     0 kB
AnonHugePages:   2658304 kB
CmaTotal:              0 kB
CmaFree:               0 kB
HugePages_Total:       0
HugePages_Free:        0
HugePages_Rsvd:        0
HugePages_Surp:        0
Hugepagesize:       2048 kB
DirectMap4k:      216512 kB
DirectMap2M:     4937728 kB
DirectMap1G:     3145728 kB


CPU:total 4 (2 cores per cpu, 2 threads per core) family 6 model 69 stepping 1, cmov, cx8, fxsr, mmx, sse, sse2, sse3, ssse3, sse4.1, sse4.2, popcnt, avx, avx2, aes, clmul, erms, lzcnt, ht, tsc, tscinvbit, bmi1, bmi2

/proc/cpuinfo:
processor	: 0
vendor_id	: GenuineIntel
cpu family	: 6
model		: 69
model name	: Intel(R) Core(TM) i7-4500U CPU @ 1.80GHz
stepping	: 1
microcode	: 0x1c
cpu MHz		: 2706.093
cache size	: 4096 KB
physical id	: 0
siblings	: 4
core id		: 0
cpu cores	: 2
apicid		: 0
initial apicid	: 0
fpu		: yes
fpu_exception	: yes
cpuid level	: 13
wp		: yes
flags		: fpu vme de pse tsc msr pae mce cx8 apic sep mtrr pge mca cmov pat pse36 clflush dts acpi mmx fxsr sse sse2 ss ht tm pbe syscall nx pdpe1gb rdtscp lm constant_tsc arch_perfmon pebs bts rep_good nopl xtopology nonstop_tsc aperfmperf eagerfpu pni pclmulqdq dtes64 monitor ds_cpl vmx est tm2 ssse3 fma cx16 xtpr pdcm pcid sse4_1 sse4_2 movbe popcnt tsc_deadline_timer aes xsave avx f16c rdrand lahf_lm abm ida arat epb pln pts dtherm tpr_shadow vnmi flexpriority ept vpid fsgsbase tsc_adjust bmi1 avx2 smep bmi2 erms invpcid xsaveopt
bugs		:
bogomips	: 4789.19
clflush size	: 64
cache_alignment	: 64
address sizes	: 39 bits physical, 48 bits virtual
power management:

processor	: 1
vendor_id	: GenuineIntel
cpu family	: 6
model		: 69
model name	: Intel(R) Core(TM) i7-4500U CPU @ 1.80GHz
stepping	: 1
microcode	: 0x1c
cpu MHz		: 2700.000
cache size	: 4096 KB
physical id	: 0
siblings	: 4
core id		: 0
cpu cores	: 2
apicid		: 1
initial apicid	: 1
fpu		: yes
fpu_exception	: yes
cpuid level	: 13
wp		: yes
flags		: fpu vme de pse tsc msr pae mce cx8 apic sep mtrr pge mca cmov pat pse36 clflush dts acpi mmx fxsr sse sse2 ss ht tm pbe syscall nx pdpe1gb rdtscp lm constant_tsc arch_perfmon pebs bts rep_good nopl xtopology nonstop_tsc aperfmperf eagerfpu pni pclmulqdq dtes64 monitor ds_cpl vmx est tm2 ssse3 fma cx16 xtpr pdcm pcid sse4_1 sse4_2 movbe popcnt tsc_deadline_timer aes xsave avx f16c rdrand lahf_lm abm ida arat epb pln pts dtherm tpr_shadow vnmi flexpriority ept vpid fsgsbase tsc_adjust bmi1 avx2 smep bmi2 erms invpcid xsaveopt
bugs		:
bogomips	: 4789.19
clflush size	: 64
cache_alignment	: 64
address sizes	: 39 bits physical, 48 bits virtual
power management:

processor	: 2
vendor_id	: GenuineIntel
cpu family	: 6
model		: 69
model name	: Intel(R) Core(TM) i7-4500U CPU @ 1.80GHz
stepping	: 1
microcode	: 0x1c
cpu MHz		: 2700.000
cache size	: 4096 KB
physical id	: 0
siblings	: 4
core id		: 1
cpu cores	: 2
apicid		: 2
initial apicid	: 2
fpu		: yes
fpu_exception	: yes
cpuid level	: 13
wp		: yes
flags		: fpu vme de pse tsc msr pae mce cx8 apic sep mtrr pge mca cmov pat pse36 clflush dts acpi mmx fxsr sse sse2 ss ht tm pbe syscall nx pdpe1gb rdtscp lm constant_tsc arch_perfmon pebs bts rep_good nopl xtopology nonstop_tsc aperfmperf eagerfpu pni pclmulqdq dtes64 monitor ds_cpl vmx est tm2 ssse3 fma cx16 xtpr pdcm pcid sse4_1 sse4_2 movbe popcnt tsc_deadline_timer aes xsave avx f16c rdrand lahf_lm abm ida arat epb pln pts dtherm tpr_shadow vnmi flexpriority ept vpid fsgsbase tsc_adjust bmi1 avx2 smep bmi2 erms invpcid xsaveopt
bugs		:
bogomips	: 4789.19
clflush size	: 64
cache_alignment	: 64
address sizes	: 39 bits physical, 48 bits virtual
power management:

processor	: 3
vendor_id	: GenuineIntel
cpu family	: 6
model		: 69
model name	: Intel(R) Core(TM) i7-4500U CPU @ 1.80GHz
stepping	: 1
microcode	: 0x1c
cpu MHz		: 2699.906
cache size	: 4096 KB
physical id	: 0
siblings	: 4
core id		: 1
cpu cores	: 2
apicid		: 3
initial apicid	: 3
fpu		: yes
fpu_exception	: yes
cpuid level	: 13
wp		: yes
flags		: fpu vme de pse tsc msr pae mce cx8 apic sep mtrr pge mca cmov pat pse36 clflush dts acpi mmx fxsr sse sse2 ss ht tm pbe syscall nx pdpe1gb rdtscp lm constant_tsc arch_perfmon pebs bts rep_good nopl xtopology nonstop_tsc aperfmperf eagerfpu pni pclmulqdq dtes64 monitor ds_cpl vmx est tm2 ssse3 fma cx16 xtpr pdcm pcid sse4_1 sse4_2 movbe popcnt tsc_deadline_timer aes xsave avx f16c rdrand lahf_lm abm ida arat epb pln pts dtherm tpr_shadow vnmi flexpriority ept vpid fsgsbase tsc_adjust bmi1 avx2 smep bmi2 erms invpcid xsaveopt
bugs		:
bogomips	: 4789.19
clflush size	: 64
cache_alignment	: 64
address sizes	: 39 bits physical, 48 bits virtual
power management:



Memory: 4k page, physical 8086168k(614420k free), swap 8298492k(8296280k free)

vm_info: Java HotSpot(TM) 64-Bit Server VM (25.91-b14) for linux-amd64 JRE (1.8.0_91-b14), built on Apr  1 2016 00:57:21 by "java_re" with gcc 4.3.0 20080428 (Red Hat 4.3.0-8)

time: Wed Jun  8 11:24:55 2016
elapsed time: 3120 seconds (0d 0h 52m 0s)

